        -:    0:Source:C:/Users/mickl/ClionProjects/payroll-system/src/Transactions/AddEmployeeTransaction.cpp
        -:    0:Graph:C:\Users\mickl\ClionProjects\payroll-system\cmake-build-debug\tests\CMakeFiles\google_test.dir\Transactions\AddEmployeeTest.cpp.gcno
        -:    0:Data:C:\Users\mickl\ClionProjects\payroll-system\cmake-build-debug\tests\CMakeFiles\google_test.dir\Transactions\AddEmployeeTest.cpp.gcda
        -:    0:Runs:1
        -:    1:#include "AddEmployeeTransaction.hpp"
        -:    2:#include "../Database/PayrollDatabase.hpp"
        -:    3:
       23:    4:AddEmployeeTransaction::AddEmployeeTransaction(int id, std::string name, std::string address) :
        -:    5:    id(id),
       23:    6:    name(std::move(name)),
       23:    7:    address(std::move(address))
       23:    7-block  0
        -:    8:{
       23:    9:}
        -:   10:
       23:   11:void AddEmployeeTransaction::execute()
        -:   12:{
       46:   13:    std::shared_ptr<Employee> e { new Employee(id, name, address) };
       23:   13-block  0
       23:   13-block  1
       23:   13-block  2
       23:   13-block  3
       23:   13-block  4
    $$$$$:   13-block  5
    $$$$$:   13-block  6
    $$$$$:   13-block  7
    $$$$$:   13-block  8
       23:   14:    e->setPaymentClassification(getPaymentClassification());
       23:   14-block  0
       23:   15:    e->setPaymentSchedule(getPaymentSchedule());
       23:   15-block  0
       23:   16:    e->setPaymentMethod(std::make_shared<HoldMethod>());
       23:   16-block  0
        -:   17:
       23:   18:    PayrollDatabase::getInstance()->addEmployee(id, e);
       23:   18-block  0
       23:   18-block  1
    $$$$$:   18-block  2
    $$$$$:   18-block  3
    $$$$$:   18-block  4
    $$$$$:   18-block  5
       23:   19:}
        -:   20:
        -:   21:
        -:   22:
        -:   23:
       12:   24:AddHourlyEmployee::AddHourlyEmployee(int id, std::string name, std::string address, double hourlyRate) :
       12:   25:    AddEmployeeTransaction(id, std::move(name), std::move(address)),
       24:   26:    hourlyRate(hourlyRate)
       12:   26-block  0
        -:   27:{
       12:   28:}
        -:   29:
       12:   30:std::shared_ptr<PaymentClassification> AddHourlyEmployee::getPaymentClassification() const
        -:   31:{
       12:   32:    return std::make_shared<HourlyClassification>(hourlyRate);
       12:   32-block  0
        -:   33:}
        -:   34:
       12:   35:std::shared_ptr<PaymentSchedule> AddHourlyEmployee::getPaymentSchedule() const
        -:   36:{
       12:   37:    return std::make_shared<WeeklySchedule>();
       12:   37-block  0
        -:   38:}
        -:   39:
        9:   40:AddSalariedEmployee::AddSalariedEmployee(int id, std::string name, std::string address, double salary) :
        9:   41:    AddEmployeeTransaction(id, std::move(name), std::move(address)),
       18:   42:    salary(salary)
        9:   42-block  0
        -:   43:{
        9:   44:}
        -:   45:
        9:   46:std::shared_ptr<PaymentClassification> AddSalariedEmployee::getPaymentClassification() const
        -:   47:{
        9:   48:    return std::make_shared<SalariedClassification>(salary);
        9:   48-block  0
        -:   49:}
        -:   50:
        9:   51:std::shared_ptr<PaymentSchedule> AddSalariedEmployee::getPaymentSchedule() const
        -:   52:{
        9:   53:    return std::make_shared<MonthlySchedule>();
        9:   53-block  0
        -:   54:}
        -:   55:
        2:   56:AddCommissionedEmployee::AddCommissionedEmployee(int id, std::string name, std::string address,
        2:   57:                                                 double salary, double commissionRate) :
        2:   58:    AddEmployeeTransaction(id, std::move(name), std::move(address)),
        -:   59:    salary(salary),
        4:   60:    comissionRate(commissionRate)
        2:   60-block  0
        -:   61:{
        2:   62:}
        -:   63:
        2:   64:std::shared_ptr<PaymentClassification> AddCommissionedEmployee::getPaymentClassification() const
        -:   65:{
        2:   66:    return std::make_shared<CommissionedClassification>(salary, comissionRate);
        2:   66-block  0
        -:   67:}
        -:   68:
        2:   69:std::shared_ptr<PaymentSchedule> AddCommissionedEmployee::getPaymentSchedule() const
        -:   70:{
        2:   71:    return std::make_shared<BiweeklySchedule>();
        2:   71-block  0
        -:   72:}
