        -:    0:Source:C:/Users/mickl/ClionProjects/payroll-system/src/Transactions/AddEmployeeTransaction.cpp
        -:    0:Graph:C:\Users\mickl\ClionProjects\payroll-system\cmake-build-debug\tests\CMakeFiles\google_test.dir\Transactions\AddEmployeeTest.cpp.gcno
        -:    0:Data:C:\Users\mickl\ClionProjects\payroll-system\cmake-build-debug\tests\CMakeFiles\google_test.dir\Transactions\AddEmployeeTest.cpp.gcda
        -:    0:Runs:1
        -:    1:#include "AddEmployeeTransaction.hpp"
        -:    2:#include "../Database/PayrollDatabase.hpp"
        -:    3:
        5:    4:AddEmployeeTransaction::AddEmployeeTransaction(int id, std::string name, std::string address) :
        -:    5:    id(id),
        5:    6:    name(std::move(name)),
        5:    7:    address(std::move(address))
        5:    7-block  0
        -:    8:{
        5:    9:}
        -:   10:
        5:   11:void AddEmployeeTransaction::execute()
        -:   12:{
       10:   13:    std::shared_ptr<Employee> e { new Employee(id, name, address) };
        5:   13-block  0
        5:   13-block  1
        5:   13-block  2
        5:   13-block  3
    $$$$$:   13-block  4
    $$$$$:   13-block  5
    $$$$$:   13-block  6
        5:   14:    e->setPaymentClassification(getPaymentClassification());
        5:   14-block  0
        5:   15:    e->setPaymentSchedule(getPaymentSchedule());
        5:   15-block  0
        5:   16:    e->setPaymentMethod(std::make_shared<HoldMethod>());
        5:   16-block  0
        -:   17:
        5:   18:    PayrollDatabase::getInstance()->addEmployee(id, e);
        5:   18-block  0
        5:   18-block  1
    $$$$$:   18-block  2
    $$$$$:   18-block  3
    $$$$$:   18-block  4
    $$$$$:   18-block  5
        5:   19:}
        -:   20:
        -:   21:
        -:   22:
        -:   23:
        2:   24:AddHourlyEmployee::AddHourlyEmployee(int id, std::string name, std::string address, double hourlyRate) :
        2:   25:    AddEmployeeTransaction(id, std::move(name), std::move(address)),
        4:   26:    hourlyRate(hourlyRate)
        2:   26-block  0
        -:   27:{
        2:   28:}
        -:   29:
        2:   30:std::shared_ptr<PaymentClassification> AddHourlyEmployee::getPaymentClassification() const
        -:   31:{
        2:   32:    return std::make_shared<HourlyClassification>(hourlyRate);
        2:   32-block  0
        -:   33:}
        -:   34:
        2:   35:std::shared_ptr<PaymentSchedule> AddHourlyEmployee::getPaymentSchedule() const
        -:   36:{
        2:   37:    return std::make_shared<WeeklySchedule>();
        2:   37-block  0
        -:   38:}
        -:   39:
        1:   40:AddSalariedEmployee::AddSalariedEmployee(int id, std::string name, std::string address, double salary) :
        1:   41:    AddEmployeeTransaction(id, std::move(name), std::move(address)),
        2:   42:    salary(salary)
        1:   42-block  0
        -:   43:{
        1:   44:}
        -:   45:
        1:   46:std::shared_ptr<PaymentClassification> AddSalariedEmployee::getPaymentClassification() const
        -:   47:{
        1:   48:    return std::make_shared<SalariedClassification>(salary);
        1:   48-block  0
        -:   49:}
        -:   50:
        1:   51:std::shared_ptr<PaymentSchedule> AddSalariedEmployee::getPaymentSchedule() const
        -:   52:{
        1:   53:    return std::make_shared<MonthlySchedule>();
        1:   53-block  0
        -:   54:}
        -:   55:
        2:   56:AddCommissionedEmployee::AddCommissionedEmployee(int id, std::string name, std::string address,
        2:   57:                                                 double salary, double commissionRate) :
        2:   58:    AddEmployeeTransaction(id, std::move(name), std::move(address)),
        -:   59:    salary(salary),
        4:   60:    comissionRate(commissionRate)
        2:   60-block  0
        -:   61:{
        2:   62:}
        -:   63:
        2:   64:std::shared_ptr<PaymentClassification> AddCommissionedEmployee::getPaymentClassification() const
        -:   65:{
        2:   66:    return std::make_shared<CommissionedClassification>(salary, comissionRate);
        2:   66-block  0
        -:   67:}
        -:   68:
        2:   69:std::shared_ptr<PaymentSchedule> AddCommissionedEmployee::getPaymentSchedule() const
        -:   70:{
        2:   71:    return std::make_shared<BiweeklySchedule>();
        2:   71-block  0
        -:   72:}
