        -:    0:Source:C:/msys64/mingw64/include/c++/10.1.0/bits/allocated_ptr.h
        -:    0:Graph:C:\Users\mickl\ClionProjects\payroll-system\cmake-build-debug\tests\CMakeFiles\google_test.dir\AddEmployeeTest.cpp.gcno
        -:    0:Data:C:\Users\mickl\ClionProjects\payroll-system\cmake-build-debug\tests\CMakeFiles\google_test.dir\AddEmployeeTest.cpp.gcda
        -:    0:Runs:1
        -:    1:// Guarded Allocation -*- C++ -*-
        -:    2:
        -:    3:// Copyright (C) 2014-2020 Free Software Foundation, Inc.
        -:    4://
        -:    5:// This file is part of the GNU ISO C++ Library.  This library is free
        -:    6:// software; you can redistribute it and/or modify it under the
        -:    7:// terms of the GNU General Public License as published by the
        -:    8:// Free Software Foundation; either version 3, or (at your option)
        -:    9:// any later version.
        -:   10:
        -:   11:// This library is distributed in the hope that it will be useful,
        -:   12:// but WITHOUT ANY WARRANTY; without even the implied warranty of
        -:   13:// MERCHANTABILITY or FITNESS FOR A PARTICULAR PURPOSE.  See the
        -:   14:// GNU General Public License for more details.
        -:   15:
        -:   16:// Under Section 7 of GPL version 3, you are granted additional
        -:   17:// permissions described in the GCC Runtime Library Exception, version
        -:   18:// 3.1, as published by the Free Software Foundation.
        -:   19:
        -:   20:// You should have received a copy of the GNU General Public License and
        -:   21:// a copy of the GCC Runtime Library Exception along with this program;
        -:   22:// see the files COPYING3 and COPYING.RUNTIME respectively.  If not, see
        -:   23:// <http://www.gnu.org/licenses/>.
        -:   24:
        -:   25:/** @file bits/allocated_ptr.h
        -:   26: *  This is an internal header file, included by other library headers.
        -:   27: *  Do not attempt to use it directly. @headername{memory}
        -:   28: */
        -:   29:
        -:   30:#ifndef _ALLOCATED_PTR_H
        -:   31:#define _ALLOCATED_PTR_H 1
        -:   32:
        -:   33:#if __cplusplus < 201103L
        -:   34:# include <bits/c++0xwarning.h>
        -:   35:#else
        -:   36:# include <type_traits>
        -:   37:# include <bits/ptr_traits.h>
        -:   38:# include <bits/alloc_traits.h>
        -:   39:
        -:   40:namespace std _GLIBCXX_VISIBILITY(default)
        -:   41:{
        -:   42:_GLIBCXX_BEGIN_NAMESPACE_VERSION
        -:   43:
        -:   44:  /// Non-standard RAII type for managing pointers obtained from allocators.
        -:   45:  template<typename _Alloc>
        -:   46:    struct __allocated_ptr
        -:   47:    {
        -:   48:      using pointer = typename allocator_traits<_Alloc>::pointer;
        -:   49:      using value_type = typename allocator_traits<_Alloc>::value_type;
        -:   50:
        -:   51:      /// Take ownership of __ptr
       18:   52:      __allocated_ptr(_Alloc& __a, pointer __ptr) noexcept
       18:   53:      : _M_alloc(std::__addressof(__a)), _M_ptr(__ptr)
       18:   54:      { }
------------------
_ZNSt15__allocated_ptrISaISt23_Sp_counted_ptr_inplaceIN8Employee16BiweeklyScheduleESaIS2_ELN9__gnu_cxx12_Lock_policyE2EEEEC1ERS7_PS6_:
        2:   52:      __allocated_ptr(_Alloc& __a, pointer __ptr) noexcept
        2:   53:      : _M_alloc(std::__addressof(__a)), _M_ptr(__ptr)
        2:   53-block  0
        2:   54:      { }
------------------
_ZNSt15__allocated_ptrISaISt23_Sp_counted_ptr_inplaceIN8Employee26CommissionedClassificationESaIS2_ELN9__gnu_cxx12_Lock_policyE2EEEEC1ERS7_PS6_:
        2:   52:      __allocated_ptr(_Alloc& __a, pointer __ptr) noexcept
        2:   53:      : _M_alloc(std::__addressof(__a)), _M_ptr(__ptr)
        2:   53-block  0
        2:   54:      { }
------------------
_ZNSt15__allocated_ptrISaISt23_Sp_counted_ptr_inplaceIN8Employee15MonthlyScheduleESaIS2_ELN9__gnu_cxx12_Lock_policyE2EEEEC1ERS7_PS6_:
        2:   52:      __allocated_ptr(_Alloc& __a, pointer __ptr) noexcept
        2:   53:      : _M_alloc(std::__addressof(__a)), _M_ptr(__ptr)
        2:   53-block  0
        2:   54:      { }
------------------
_ZNSt15__allocated_ptrISaISt23_Sp_counted_ptr_inplaceIN8Employee22SalariedClassificationESaIS2_ELN9__gnu_cxx12_Lock_policyE2EEEEC1ERS7_PS6_:
        2:   52:      __allocated_ptr(_Alloc& __a, pointer __ptr) noexcept
        2:   53:      : _M_alloc(std::__addressof(__a)), _M_ptr(__ptr)
        2:   53-block  0
        2:   54:      { }
------------------
_ZNSt15__allocated_ptrISaISt23_Sp_counted_ptr_inplaceIN8Employee14WeeklyScheduleESaIS2_ELN9__gnu_cxx12_Lock_policyE2EEEEC1ERS7_PS6_:
        2:   52:      __allocated_ptr(_Alloc& __a, pointer __ptr) noexcept
        2:   53:      : _M_alloc(std::__addressof(__a)), _M_ptr(__ptr)
        2:   53-block  0
        2:   54:      { }
------------------
_ZNSt15__allocated_ptrISaISt23_Sp_counted_ptr_inplaceIN8Employee20HourlyClassificationESaIS2_ELN9__gnu_cxx12_Lock_policyE2EEEEC1ERS7_PS6_:
        2:   52:      __allocated_ptr(_Alloc& __a, pointer __ptr) noexcept
        2:   53:      : _M_alloc(std::__addressof(__a)), _M_ptr(__ptr)
        2:   53-block  0
        2:   54:      { }
------------------
_ZNSt15__allocated_ptrISaISt23_Sp_counted_ptr_inplaceIN8Employee10HoldMethodESaIS2_ELN9__gnu_cxx12_Lock_policyE2EEEEC1ERS7_PS6_:
        6:   52:      __allocated_ptr(_Alloc& __a, pointer __ptr) noexcept
        6:   53:      : _M_alloc(std::__addressof(__a)), _M_ptr(__ptr)
        6:   53-block  0
        6:   54:      { }
------------------
        -:   55:
        -:   56:      /// Convert __ptr to allocator's pointer type and take ownership of it
        -:   57:      template<typename _Ptr,
        -:   58:	       typename _Req = _Require<is_same<_Ptr, value_type*>>>
        -:   59:      __allocated_ptr(_Alloc& __a, _Ptr __ptr)
        -:   60:      : _M_alloc(std::__addressof(__a)),
        -:   61:	_M_ptr(pointer_traits<pointer>::pointer_to(*__ptr))
        -:   62:      { }
        -:   63:
        -:   64:      /// Transfer ownership of the owned pointer
        -:   65:      __allocated_ptr(__allocated_ptr&& __gd) noexcept
        -:   66:      : _M_alloc(__gd._M_alloc), _M_ptr(__gd._M_ptr)
        -:   67:      { __gd._M_ptr = nullptr; }
        -:   68:
        -:   69:      /// Deallocate the owned pointer
       18:   70:      ~__allocated_ptr()
        -:   71:      {
       18:   72:	if (_M_ptr != nullptr)
        9:   73:	  std::allocator_traits<_Alloc>::deallocate(*_M_alloc, _M_ptr, 1);
       18:   74:      }
------------------
_ZNSt15__allocated_ptrISaISt23_Sp_counted_ptr_inplaceIN8Employee16BiweeklyScheduleESaIS2_ELN9__gnu_cxx12_Lock_policyE2EEEED1Ev:
        2:   70:      ~__allocated_ptr()
        -:   71:      {
        2:   72:	if (_M_ptr != nullptr)
        2:   72-block  0
        1:   73:	  std::allocator_traits<_Alloc>::deallocate(*_M_alloc, _M_ptr, 1);
        1:   73-block  0
        2:   74:      }
------------------
_ZNSt15__allocated_ptrISaISt23_Sp_counted_ptr_inplaceIN8Employee26CommissionedClassificationESaIS2_ELN9__gnu_cxx12_Lock_policyE2EEEED1Ev:
        2:   70:      ~__allocated_ptr()
        -:   71:      {
        2:   72:	if (_M_ptr != nullptr)
        2:   72-block  0
        1:   73:	  std::allocator_traits<_Alloc>::deallocate(*_M_alloc, _M_ptr, 1);
        1:   73-block  0
        2:   74:      }
------------------
_ZNSt15__allocated_ptrISaISt23_Sp_counted_ptr_inplaceIN8Employee15MonthlyScheduleESaIS2_ELN9__gnu_cxx12_Lock_policyE2EEEED1Ev:
        2:   70:      ~__allocated_ptr()
        -:   71:      {
        2:   72:	if (_M_ptr != nullptr)
        2:   72-block  0
        1:   73:	  std::allocator_traits<_Alloc>::deallocate(*_M_alloc, _M_ptr, 1);
        1:   73-block  0
        2:   74:      }
------------------
_ZNSt15__allocated_ptrISaISt23_Sp_counted_ptr_inplaceIN8Employee22SalariedClassificationESaIS2_ELN9__gnu_cxx12_Lock_policyE2EEEED1Ev:
        2:   70:      ~__allocated_ptr()
        -:   71:      {
        2:   72:	if (_M_ptr != nullptr)
        2:   72-block  0
        1:   73:	  std::allocator_traits<_Alloc>::deallocate(*_M_alloc, _M_ptr, 1);
        1:   73-block  0
        2:   74:      }
------------------
_ZNSt15__allocated_ptrISaISt23_Sp_counted_ptr_inplaceIN8Employee14WeeklyScheduleESaIS2_ELN9__gnu_cxx12_Lock_policyE2EEEED1Ev:
        2:   70:      ~__allocated_ptr()
        -:   71:      {
        2:   72:	if (_M_ptr != nullptr)
        2:   72-block  0
        1:   73:	  std::allocator_traits<_Alloc>::deallocate(*_M_alloc, _M_ptr, 1);
        1:   73-block  0
        2:   74:      }
------------------
_ZNSt15__allocated_ptrISaISt23_Sp_counted_ptr_inplaceIN8Employee20HourlyClassificationESaIS2_ELN9__gnu_cxx12_Lock_policyE2EEEED1Ev:
        2:   70:      ~__allocated_ptr()
        -:   71:      {
        2:   72:	if (_M_ptr != nullptr)
        2:   72-block  0
        1:   73:	  std::allocator_traits<_Alloc>::deallocate(*_M_alloc, _M_ptr, 1);
        1:   73-block  0
        2:   74:      }
------------------
_ZNSt15__allocated_ptrISaISt23_Sp_counted_ptr_inplaceIN8Employee10HoldMethodESaIS2_ELN9__gnu_cxx12_Lock_policyE2EEEED1Ev:
        6:   70:      ~__allocated_ptr()
        -:   71:      {
        6:   72:	if (_M_ptr != nullptr)
        6:   72-block  0
        3:   73:	  std::allocator_traits<_Alloc>::deallocate(*_M_alloc, _M_ptr, 1);
        3:   73-block  0
        6:   74:      }
------------------
        -:   75:
        -:   76:      /// Release ownership of the owned pointer
        -:   77:      __allocated_ptr&
        9:   78:      operator=(std::nullptr_t) noexcept
        -:   79:      {
        9:   80:	_M_ptr = nullptr;
        9:   81:	return *this;
        -:   82:      }
------------------
_ZNSt15__allocated_ptrISaISt23_Sp_counted_ptr_inplaceIN8Employee16BiweeklyScheduleESaIS2_ELN9__gnu_cxx12_Lock_policyE2EEEEaSEDn:
        1:   78:      operator=(std::nullptr_t) noexcept
        -:   79:      {
        1:   80:	_M_ptr = nullptr;
        1:   81:	return *this;
        1:   81-block  0
        -:   82:      }
------------------
_ZNSt15__allocated_ptrISaISt23_Sp_counted_ptr_inplaceIN8Employee26CommissionedClassificationESaIS2_ELN9__gnu_cxx12_Lock_policyE2EEEEaSEDn:
        1:   78:      operator=(std::nullptr_t) noexcept
        -:   79:      {
        1:   80:	_M_ptr = nullptr;
        1:   81:	return *this;
        1:   81-block  0
        -:   82:      }
------------------
_ZNSt15__allocated_ptrISaISt23_Sp_counted_ptr_inplaceIN8Employee15MonthlyScheduleESaIS2_ELN9__gnu_cxx12_Lock_policyE2EEEEaSEDn:
        1:   78:      operator=(std::nullptr_t) noexcept
        -:   79:      {
        1:   80:	_M_ptr = nullptr;
        1:   81:	return *this;
        1:   81-block  0
        -:   82:      }
------------------
_ZNSt15__allocated_ptrISaISt23_Sp_counted_ptr_inplaceIN8Employee22SalariedClassificationESaIS2_ELN9__gnu_cxx12_Lock_policyE2EEEEaSEDn:
        1:   78:      operator=(std::nullptr_t) noexcept
        -:   79:      {
        1:   80:	_M_ptr = nullptr;
        1:   81:	return *this;
        1:   81-block  0
        -:   82:      }
------------------
_ZNSt15__allocated_ptrISaISt23_Sp_counted_ptr_inplaceIN8Employee14WeeklyScheduleESaIS2_ELN9__gnu_cxx12_Lock_policyE2EEEEaSEDn:
        1:   78:      operator=(std::nullptr_t) noexcept
        -:   79:      {
        1:   80:	_M_ptr = nullptr;
        1:   81:	return *this;
        1:   81-block  0
        -:   82:      }
------------------
_ZNSt15__allocated_ptrISaISt23_Sp_counted_ptr_inplaceIN8Employee20HourlyClassificationESaIS2_ELN9__gnu_cxx12_Lock_policyE2EEEEaSEDn:
        1:   78:      operator=(std::nullptr_t) noexcept
        -:   79:      {
        1:   80:	_M_ptr = nullptr;
        1:   81:	return *this;
        1:   81-block  0
        -:   82:      }
------------------
_ZNSt15__allocated_ptrISaISt23_Sp_counted_ptr_inplaceIN8Employee10HoldMethodESaIS2_ELN9__gnu_cxx12_Lock_policyE2EEEEaSEDn:
        3:   78:      operator=(std::nullptr_t) noexcept
        -:   79:      {
        3:   80:	_M_ptr = nullptr;
        3:   81:	return *this;
        3:   81-block  0
        -:   82:      }
------------------
        -:   83:
        -:   84:      /// Get the address that the owned pointer refers to.
        9:   85:      value_type* get() { return std::__to_address(_M_ptr); }
------------------
_ZNSt15__allocated_ptrISaISt23_Sp_counted_ptr_inplaceIN8Employee16BiweeklyScheduleESaIS2_ELN9__gnu_cxx12_Lock_policyE2EEEE3getEv:
        1:   85:      value_type* get() { return std::__to_address(_M_ptr); }
        1:   85-block  0
------------------
_ZNSt15__allocated_ptrISaISt23_Sp_counted_ptr_inplaceIN8Employee26CommissionedClassificationESaIS2_ELN9__gnu_cxx12_Lock_policyE2EEEE3getEv:
        1:   85:      value_type* get() { return std::__to_address(_M_ptr); }
        1:   85-block  0
------------------
_ZNSt15__allocated_ptrISaISt23_Sp_counted_ptr_inplaceIN8Employee15MonthlyScheduleESaIS2_ELN9__gnu_cxx12_Lock_policyE2EEEE3getEv:
        1:   85:      value_type* get() { return std::__to_address(_M_ptr); }
        1:   85-block  0
------------------
_ZNSt15__allocated_ptrISaISt23_Sp_counted_ptr_inplaceIN8Employee22SalariedClassificationESaIS2_ELN9__gnu_cxx12_Lock_policyE2EEEE3getEv:
        1:   85:      value_type* get() { return std::__to_address(_M_ptr); }
        1:   85-block  0
------------------
_ZNSt15__allocated_ptrISaISt23_Sp_counted_ptr_inplaceIN8Employee14WeeklyScheduleESaIS2_ELN9__gnu_cxx12_Lock_policyE2EEEE3getEv:
        1:   85:      value_type* get() { return std::__to_address(_M_ptr); }
        1:   85-block  0
------------------
_ZNSt15__allocated_ptrISaISt23_Sp_counted_ptr_inplaceIN8Employee20HourlyClassificationESaIS2_ELN9__gnu_cxx12_Lock_policyE2EEEE3getEv:
        1:   85:      value_type* get() { return std::__to_address(_M_ptr); }
        1:   85-block  0
------------------
_ZNSt15__allocated_ptrISaISt23_Sp_counted_ptr_inplaceIN8Employee10HoldMethodESaIS2_ELN9__gnu_cxx12_Lock_policyE2EEEE3getEv:
        3:   85:      value_type* get() { return std::__to_address(_M_ptr); }
        3:   85-block  0
------------------
        -:   86:
        -:   87:    private:
        -:   88:      _Alloc* _M_alloc;
        -:   89:      pointer _M_ptr;
        -:   90:    };
        -:   91:
        -:   92:  /// Allocate space for a single object using __a
        -:   93:  template<typename _Alloc>
        -:   94:    __allocated_ptr<_Alloc>
        9:   95:    __allocate_guarded(_Alloc& __a)
        -:   96:    {
        9:   97:      return { __a, std::allocator_traits<_Alloc>::allocate(__a, 1) };
        -:   98:    }
        -:   99:
        -:  100:_GLIBCXX_END_NAMESPACE_VERSION
        -:  101:} // namespace std
        -:  102:
        -:  103:#endif
        -:  104:#endif
