        -:    0:Source:C:/Users/mickl/ClionProjects/payroll-system/src/AddEmployeeTransaction.hpp
        -:    0:Graph:C:\Users\mickl\ClionProjects\payroll-system\cmake-build-debug\tests\CMakeFiles\google_test.dir\AddEmployeeTest.cpp.gcno
        -:    0:Data:C:\Users\mickl\ClionProjects\payroll-system\cmake-build-debug\tests\CMakeFiles\google_test.dir\AddEmployeeTest.cpp.gcda
        -:    0:Runs:1
        -:    1:#ifndef PAYROLL_SYSTEM_ADDEMPLOYEETRANSACTION_HPP
        -:    2:#define PAYROLL_SYSTEM_ADDEMPLOYEETRANSACTION_HPP
        -:    3:
        -:    4:#include <string>
        -:    5:#include "Transaction.hpp"
        -:    6:
        -:    7:class AddEmployeeTransaction : public Transaction
        -:    8:{
        -:    9:public:
        -:   10:                 AddEmployeeTransaction(int id, std::string name, std::string address);
       3*:   11:    virtual      ~AddEmployeeTransaction() = default;
------------------
_ZN22AddEmployeeTransactionD0Ev:
    #####:   11:    virtual      ~AddEmployeeTransaction() = default;
    %%%%%:   11-block  0
------------------
_ZN22AddEmployeeTransactionD1Ev:
    #####:   11:    virtual      ~AddEmployeeTransaction() = default;
    %%%%%:   11-block  0
------------------
_ZN22AddEmployeeTransactionD2Ev:
        3:   11:    virtual      ~AddEmployeeTransaction() = default;
        3:   11-block  0
------------------
        -:   12:
        -:   13:    virtual void execute() override;
        -:   14:
        -:   15:
        -:   16:private:
        -:   17:    int id;
        -:   18:    std::string name, address;
        -:   19:};
        -:   20:
        -:   21:class AddHourlyEmployee : public AddEmployeeTransaction
        -:   22:{
        -:   23:public:
        -:   24:    AddHourlyEmployee(int id, std::string name, std::string address, double salary);
       1*:   25:    virtual ~AddHourlyEmployee() = default;
------------------
_ZN17AddHourlyEmployeeD0Ev:
    #####:   25:    virtual ~AddHourlyEmployee() = default;
    %%%%%:   25-block  0
------------------
_ZN17AddHourlyEmployeeD1Ev:
        1:   25:    virtual ~AddHourlyEmployee() = default;
        1:   25-block  0
------------------
        -:   26:
        -:   27:private:
        -:   28:    double hourlyRate;
        -:   29:};
        -:   30:
        -:   31:class AddSalariedEmployee : public AddEmployeeTransaction
        -:   32:{
        -:   33:public:
        -:   34:    AddSalariedEmployee(int id, std::string name, std::string address, double salary);
       1*:   35:    virtual ~AddSalariedEmployee() = default;
------------------
_ZN19AddSalariedEmployeeD0Ev:
    #####:   35:    virtual ~AddSalariedEmployee() = default;
    %%%%%:   35-block  0
------------------
_ZN19AddSalariedEmployeeD1Ev:
        1:   35:    virtual ~AddSalariedEmployee() = default;
        1:   35-block  0
------------------
        -:   36:
        -:   37:private:
        -:   38:    double salary;
        -:   39:};
        -:   40:
        -:   41:class AddComissionedEmployee : public AddEmployeeTransaction
        -:   42:{
        -:   43:public:
        -:   44:    AddComissionedEmployee(int id, std::string name, std::string address, double salary, double comissionRate);
       1*:   45:    virtual ~AddComissionedEmployee() = default;
------------------
_ZN22AddComissionedEmployeeD0Ev:
    #####:   45:    virtual ~AddComissionedEmployee() = default;
    %%%%%:   45-block  0
------------------
_ZN22AddComissionedEmployeeD1Ev:
        1:   45:    virtual ~AddComissionedEmployee() = default;
        1:   45-block  0
------------------
        -:   46:
        -:   47:private:
        -:   48:    double salary;
        -:   49:    double comissionRate;
        -:   50:};
        -:   51:
        -:   52:
        -:   53:
        -:   54:#endif //PAYROLL_SYSTEM_ADDEMPLOYEETRANSACTION_HPP
