        -:    0:Source:C:/Users/mickl/ClionProjects/payroll-system/src/Database/PayrollDatabase.hpp
        -:    0:Graph:C:\Users\mickl\ClionProjects\payroll-system\cmake-build-debug\tests\CMakeFiles\google_test.dir\Database\DatabaseTest.cpp.gcno
        -:    0:Data:C:\Users\mickl\ClionProjects\payroll-system\cmake-build-debug\tests\CMakeFiles\google_test.dir\Database\DatabaseTest.cpp.gcda
        -:    0:Runs:1
        -:    1:#ifndef PAYROLL_SYSTEM_PAYROLLDATABASE_HPP
        -:    2:#define PAYROLL_SYSTEM_PAYROLLDATABASE_HPP
        -:    3:
        -:    4:
        -:    5:#include <unordered_map>
        -:    6:#include <stdexcept>
        -:    7:#include <memory>
        -:    8:#include <sstream>
        -:    9:#include "../Employee/Employee.hpp"
        -:   10:
        -:   11:class PayrollDatabase
        -:   12:{
        -:   13:public:
    #####:   14:    virtual ~PayrollDatabase() = default;
------------------
_ZN15PayrollDatabaseD0Ev:
    #####:   14:    virtual ~PayrollDatabase() = default;
    %%%%%:   14-block  0
------------------
_ZN15PayrollDatabaseD1Ev:
    #####:   14:    virtual ~PayrollDatabase() = default;
    %%%%%:   14-block  0
------------------
        -:   15:
        -:   16:    void                        addEmployee(int id, std::shared_ptr<Employee> employee);
        -:   17:    std::shared_ptr<Employee>   getEmployee(int id) const;
        -:   18:    void                        updateEmployee(int id, std::shared_ptr<Employee> newEmployee);
        -:   19:    void                        deleteEmployee(int id);
       67:   20:    auto                        size() const { return database.size(); }
       67:   20-block  0
       19:   21:    void                        clear() { database.clear(); }
       19:   21-block  0
        -:   22:
        -:   23:public: //exceptions
        -:   24:    class not_found;
        -:   25:    class add_duplicate;
        -:   26:
        -:   27:
        -:   28:private:
        -:   29:    std::unordered_map<int, std::shared_ptr<Employee>> database;
        -:   30:
        -:   31:    //Singleton
        -:   32:private:
        1:   33:    PayrollDatabase() = default;
        1:   33-block  0
        -:   34:    static std::shared_ptr<PayrollDatabase> _instance;
        -:   35:public:
        -:   36:    PayrollDatabase(PayrollDatabase& other) = delete;
        -:   37:    void operator=(const PayrollDatabase& other) = delete;
        -:   38:    static std::shared_ptr<PayrollDatabase> getInstance();
        -:   39:
        -:   40:};
        -:   41:
        -:   42:class PayrollDatabase::not_found : public std::runtime_error
        -:   43:{
        -:   44:public:
        6:   45:    explicit not_found(int id) :
        6:   46:        std::runtime_error("Payroll Database: not_found id = "+std::to_string(id))
        6:   46-block  0
        6:   46-block  1
        6:   46-block  2
    $$$$$:   46-block  3
    $$$$$:   46-block  4
    $$$$$:   46-block  5
        6:   47:    {}
        -:   48:};
        -:   49:class PayrollDatabase::add_duplicate : public std::runtime_error
        -:   50:{
        -:   51:public:
       10:   52:    explicit add_duplicate(int id) :
       10:   53:        std::runtime_error("Payroll Database: add_duplicate id = "+std::to_string(id))
       10:   53-block  0
       10:   53-block  1
       10:   53-block  2
    $$$$$:   53-block  3
    $$$$$:   53-block  4
    $$$$$:   53-block  5
       10:   54:    {}
        -:   55:};
        -:   56:
        -:   57:
        -:   58:#endif //PAYROLL_SYSTEM_PAYROLLDATABASE_HPP
