        -:    0:Source:C:/Users/mickl/ClionProjects/payroll-system/src/Employee.cpp
        -:    0:Graph:C:\Users\mickl\ClionProjects\payroll-system\cmake-build-debug\tests\CMakeFiles\google_test.dir\DatabaseTest.cpp.gcno
        -:    0:Data:C:\Users\mickl\ClionProjects\payroll-system\cmake-build-debug\tests\CMakeFiles\google_test.dir\DatabaseTest.cpp.gcda
        -:    0:Runs:1
        -:    1:#include "Employee.hpp"
        -:    2:
       18:    3:Employee::Employee(int id, std::string name, std::string address) :
        -:    4:        id(id),
       18:    5:        name(std::move(name)),
       18:    6:        address(std::move(address))
       18:    6-block  0
       18:    7:{}
