        -:    0:Source:C:/Users/mickl/ClionProjects/payroll-system/tests/Transactions/DeleteEmployeeTest.cpp
        -:    0:Graph:C:\Users\mickl\ClionProjects\payroll-system\cmake-build-debug\tests\CMakeFiles\google_test.dir\Transactions\DeleteEmployeeTest.cpp.gcno
        -:    0:Data:C:\Users\mickl\ClionProjects\payroll-system\cmake-build-debug\tests\CMakeFiles\google_test.dir\Transactions\DeleteEmployeeTest.cpp.gcda
        -:    0:Runs:1
        -:    1:#include "src/Transactions/DeleteEmployeeTransaction.hpp"
        -:    2:#include "utility/TestUsingDatabase.hpp"
        -:    3:
        -:    4:class DeleteEmployeeTest : public TestUsingDatabase
        -:    5:{
        -:    6:protected:
        -:    7:
        3:    8:    void SetUp() override
        -:    9:    {
       3*:   10:        ASSERT_NO_THROW(database->addEmployee(
        3:   10-block  0
        3:   10-block  1
        3:   10-block  2
        3:   10-block  3
        3:   10-block  4
        3:   10-block  5
    %%%%%:   10-block  6
    %%%%%:   10-block  7
    %%%%%:   10-block  8
    %%%%%:   10-block  9
    %%%%%:   10-block 10
    $$$$$:   10-block 11
    $$$$$:   10-block 12
    $$$$$:   10-block 13
    $$$$$:   10-block 14
    $$$$$:   10-block 15
    $$$$$:   10-block 16
    $$$$$:   10-block 17
    $$$$$:   10-block 18
    $$$$$:   10-block 19
    $$$$$:   10-block 20
    $$$$$:   10-block 21
    $$$$$:   10-block 22
    $$$$$:   10-block 23
    $$$$$:   10-block 24
    $$$$$:   10-block 25
    $$$$$:   10-block 26
    $$$$$:   10-block 27
    $$$$$:   10-block 28
        -:   11:            id, std::make_shared<Employee>(id, name, address)
        -:   12:        ));
        3:   13:        initSize = database->size();
        3:   13-block  0
       3*:   14:        EXPECT_EQ(initSize, 1);
        3:   14-block  0
    %%%%%:   14-block  1
    %%%%%:   14-block  2
    %%%%%:   14-block  3
    %%%%%:   14-block  4
        3:   14-block  5
    $$$$$:   14-block  6
    $$$$$:   14-block  7
    $$$$$:   14-block  8
    $$$$$:   14-block  9
    $$$$$:   14-block 10
    $$$$$:   14-block 11
        -:   15:    }
        -:   16:
        -:   17:    int id = 9;
        -:   18:    std::string name = "Fin", address = "Finland";
        -:   19:};
        -:   20:
        -:   21:#define DELETION_TEST( EXECUTE ) \
        -:   22:    DeleteEmployeeTransaction dt(id); \
        -:   23:    ASSERT_NO_THROW(dt.execute()); \
        -:   24:    ASSERT_THROW(EXECUTE, PayrollDatabase::not_found); \
        -:   25:    ASSERT_EQ(database->size(), initSize-1);
        -:   26:
        -:   27:
        4:   28:TEST_F(DeleteEmployeeTest, DeleteEmployee)
        -:   29:{
       2*:   30:    DELETION_TEST(database->getEmployee(id))
        -:   31:}
------------------
_ZN38DeleteEmployeeTest_DeleteEmployee_TestD0Ev:
        1:   28:TEST_F(DeleteEmployeeTest, DeleteEmployee)
        1:   28-block  0
------------------
_ZN38DeleteEmployeeTest_DeleteEmployee_TestD1Ev:
        1:   28:TEST_F(DeleteEmployeeTest, DeleteEmployee)
        1:   28-block  0
------------------
_ZN38DeleteEmployeeTest_DeleteEmployee_Test8TestBodyEv:
        1:   28:TEST_F(DeleteEmployeeTest, DeleteEmployee)
        -:   29:{
       2*:   30:    DELETION_TEST(database->getEmployee(id))
        1:   30-block  0
        1:   30-block  1
        1:   30-block  2
        1:   30-block  3
    %%%%%:   30-block  4
    %%%%%:   30-block  5
    %%%%%:   30-block  6
    %%%%%:   30-block  7
    %%%%%:   30-block  8
        1:   30-block  9
        1:   30-block 10
        1:   30-block 11
        1:   30-block 12
    %%%%%:   30-block 13
        1:   30-block 14
    %%%%%:   30-block 15
    %%%%%:   30-block 16
    %%%%%:   30-block 17
    %%%%%:   30-block 18
    %%%%%:   30-block 19
        1:   30-block 20
        1:   30-block 21
    %%%%%:   30-block 22
    %%%%%:   30-block 23
    %%%%%:   30-block 24
    %%%%%:   30-block 25
    $$$$$:   30-block 26
    $$$$$:   30-block 27
    $$$$$:   30-block 28
    $$$$$:   30-block 29
    $$$$$:   30-block 30
    $$$$$:   30-block 31
    $$$$$:   30-block 32
    $$$$$:   30-block 33
    $$$$$:   30-block 34
    $$$$$:   30-block 35
    $$$$$:   30-block 36
    $$$$$:   30-block 37
    $$$$$:   30-block 38
    $$$$$:   30-block 39
    $$$$$:   30-block 40
    $$$$$:   30-block 41
        1:   30-block 42
        1:   30-block 43
    $$$$$:   30-block 44
    $$$$$:   30-block 45
    $$$$$:   30-block 46
    $$$$$:   30-block 47
    $$$$$:   30-block 48
    $$$$$:   30-block 49
    $$$$$:   30-block 50
    $$$$$:   30-block 51
    $$$$$:   30-block 52
    $$$$$:   30-block 53
    $$$$$:   30-block 54
    $$$$$:   30-block 55
    $$$$$:   30-block 56
        -:   31:}
------------------
_ZN38DeleteEmployeeTest_DeleteEmployee_TestC1Ev:
        1:   28:TEST_F(DeleteEmployeeTest, DeleteEmployee)
        1:   28-block  0
------------------
        -:   32:
        4:   33:TEST_F(DeleteEmployeeTest, DeleteEmployeeTwiceThrows)
        -:   34:{
       2*:   35:    DELETION_TEST(dt.execute())
        -:   36:}
------------------
_ZN49DeleteEmployeeTest_DeleteEmployeeTwiceThrows_TestD0Ev:
        1:   33:TEST_F(DeleteEmployeeTest, DeleteEmployeeTwiceThrows)
        1:   33-block  0
------------------
_ZN49DeleteEmployeeTest_DeleteEmployeeTwiceThrows_TestD1Ev:
        1:   33:TEST_F(DeleteEmployeeTest, DeleteEmployeeTwiceThrows)
        1:   33-block  0
------------------
_ZN49DeleteEmployeeTest_DeleteEmployeeTwiceThrows_Test8TestBodyEv:
        1:   33:TEST_F(DeleteEmployeeTest, DeleteEmployeeTwiceThrows)
        -:   34:{
       2*:   35:    DELETION_TEST(dt.execute())
        1:   35-block  0
        1:   35-block  1
        1:   35-block  2
        1:   35-block  3
    %%%%%:   35-block  4
    %%%%%:   35-block  5
    %%%%%:   35-block  6
    %%%%%:   35-block  7
    %%%%%:   35-block  8
        1:   35-block  9
        1:   35-block 10
        1:   35-block 11
        1:   35-block 12
        1:   35-block 13
    %%%%%:   35-block 14
    %%%%%:   35-block 15
    %%%%%:   35-block 16
    %%%%%:   35-block 17
    %%%%%:   35-block 18
        1:   35-block 19
        1:   35-block 20
    %%%%%:   35-block 21
    %%%%%:   35-block 22
    %%%%%:   35-block 23
    %%%%%:   35-block 24
    $$$$$:   35-block 25
    $$$$$:   35-block 26
    $$$$$:   35-block 27
    $$$$$:   35-block 28
    $$$$$:   35-block 29
    $$$$$:   35-block 30
    $$$$$:   35-block 31
    $$$$$:   35-block 32
    $$$$$:   35-block 33
    $$$$$:   35-block 34
    $$$$$:   35-block 35
    $$$$$:   35-block 36
    $$$$$:   35-block 37
    $$$$$:   35-block 38
    $$$$$:   35-block 39
    $$$$$:   35-block 40
        1:   35-block 41
        1:   35-block 42
    $$$$$:   35-block 43
    $$$$$:   35-block 44
    $$$$$:   35-block 45
    $$$$$:   35-block 46
    $$$$$:   35-block 47
    $$$$$:   35-block 48
    $$$$$:   35-block 49
    $$$$$:   35-block 50
    $$$$$:   35-block 51
    $$$$$:   35-block 52
    $$$$$:   35-block 53
    $$$$$:   35-block 54
    $$$$$:   35-block 55
        -:   36:}
------------------
_ZN49DeleteEmployeeTest_DeleteEmployeeTwiceThrows_TestC1Ev:
        1:   33:TEST_F(DeleteEmployeeTest, DeleteEmployeeTwiceThrows)
        1:   33-block  0
------------------
        -:   37:
        4:   38:TEST_F(DeleteEmployeeTest, TransactionOnNonExistentThrows)
        -:   39:{
       2*:   40:    ASSERT_THROW(DeleteEmployeeTransaction(id+1).execute(), PayrollDatabase::not_found);
        -:   41:}
        -:   42:
        -:   43:#undef DELETION_TEST
