        -:    0:Source:C:/Users/mickl/ClionProjects/payroll-system/tests/DeleteEmployeeTest.cpp
        -:    0:Graph:C:\Users\mickl\ClionProjects\payroll-system\cmake-build-debug\tests\CMakeFiles\google_test.dir\DeleteEmployeeTest.cpp.gcno
        -:    0:Data:C:\Users\mickl\ClionProjects\payroll-system\cmake-build-debug\tests\CMakeFiles\google_test.dir\DeleteEmployeeTest.cpp.gcda
        -:    0:Runs:1
        -:    1:#include <gtest/gtest.h>
        -:    2:#include "src/Transactions/DeleteEmployeeTransaction.hpp"
        -:    3:
        -:    4:class DeleteEmployeeTest : public ::testing::Test
        -:    5:{
        -:    6:protected:
        -:    7:
        2:    8:    void SetUp() override
        -:    9:    {
       2*:   10:        ASSERT_NO_THROW(database->addEmployee(
        2:   10-block  0
        2:   10-block  1
        2:   10-block  2
        2:   10-block  3
        2:   10-block  4
        2:   10-block  5
    %%%%%:   10-block  6
    %%%%%:   10-block  7
    %%%%%:   10-block  8
    %%%%%:   10-block  9
    %%%%%:   10-block 10
    $$$$$:   10-block 11
    $$$$$:   10-block 12
    $$$$$:   10-block 13
    $$$$$:   10-block 14
    $$$$$:   10-block 15
    $$$$$:   10-block 16
    $$$$$:   10-block 17
    $$$$$:   10-block 18
    $$$$$:   10-block 19
    $$$$$:   10-block 20
    $$$$$:   10-block 21
    $$$$$:   10-block 22
    $$$$$:   10-block 23
    $$$$$:   10-block 24
    $$$$$:   10-block 25
    $$$$$:   10-block 26
    $$$$$:   10-block 27
    $$$$$:   10-block 28
        -:   11:                id, std::make_shared<Employee>(id, name, address)
        -:   12:        ));
        2:   13:        initSize = database->size();
        2:   13-block  0
       2*:   14:        EXPECT_EQ(initSize, 1);
        2:   14-block  0
    %%%%%:   14-block  1
    %%%%%:   14-block  2
    %%%%%:   14-block  3
    %%%%%:   14-block  4
        2:   14-block  5
    $$$$$:   14-block  6
    $$$$$:   14-block  7
    $$$$$:   14-block  8
    $$$$$:   14-block  9
    $$$$$:   14-block 10
    $$$$$:   14-block 11
        -:   15:    }
        -:   16:
        2:   17:    void TearDown() override
        -:   18:    {
        2:   19:        database->clear();
        2:   19-block  0
       2*:   20:        ASSERT_EQ(database->size(), 0);
        2:   20-block  0
    %%%%%:   20-block  1
    %%%%%:   20-block  2
    %%%%%:   20-block  3
    %%%%%:   20-block  4
    $$$$$:   20-block  5
    $$$$$:   20-block  6
    $$$$$:   20-block  7
    $$$$$:   20-block  8
    $$$$$:   20-block  9
    $$$$$:   20-block 10
    $$$$$:   20-block 11
        -:   21:    }
        -:   22:
        -:   23:    int id = 9;
        -:   24:    std::string name = "Fin", address = "Finland";
        -:   25:    int initSize;
        -:   26:    std::shared_ptr<PayrollDatabase> database = PayrollDatabase::getInstance();
        -:   27:};
        -:   28:
        4:   29:TEST_F(DeleteEmployeeTest, DeleteEmployee)
        -:   30:{
        1:   31:    DeleteEmployeeTransaction dt(id);
       1*:   32:    ASSERT_NO_THROW(dt.execute());
       1*:   33:    ASSERT_THROW(database->getEmployee(id), PayrollDatabase::not_found);
       1*:   34:    ASSERT_EQ(database->size(), initSize-1);
        -:   35:}
------------------
_ZN38DeleteEmployeeTest_DeleteEmployee_TestD0Ev:
        1:   29:TEST_F(DeleteEmployeeTest, DeleteEmployee)
        1:   29-block  0
------------------
_ZN38DeleteEmployeeTest_DeleteEmployee_TestD1Ev:
        1:   29:TEST_F(DeleteEmployeeTest, DeleteEmployee)
        1:   29-block  0
------------------
_ZN38DeleteEmployeeTest_DeleteEmployee_Test8TestBodyEv:
        1:   29:TEST_F(DeleteEmployeeTest, DeleteEmployee)
        -:   30:{
        1:   31:    DeleteEmployeeTransaction dt(id);
        1:   31-block  0
    $$$$$:   31-block  1
       1*:   32:    ASSERT_NO_THROW(dt.execute());
        1:   32-block  0
        1:   32-block  1
        1:   32-block  2
    %%%%%:   32-block  3
    %%%%%:   32-block  4
    %%%%%:   32-block  5
    %%%%%:   32-block  6
    %%%%%:   32-block  7
    $$$$$:   32-block  8
    $$$$$:   32-block  9
    $$$$$:   32-block 10
    $$$$$:   32-block 11
    $$$$$:   32-block 12
    $$$$$:   32-block 13
    $$$$$:   32-block 14
    $$$$$:   32-block 15
    $$$$$:   32-block 16
    $$$$$:   32-block 17
    $$$$$:   32-block 18
    $$$$$:   32-block 19
    $$$$$:   32-block 20
    $$$$$:   32-block 21
    $$$$$:   32-block 22
    $$$$$:   32-block 23
       1*:   33:    ASSERT_THROW(database->getEmployee(id), PayrollDatabase::not_found);
        1:   33-block  0
        1:   33-block  1
        1:   33-block  2
        1:   33-block  3
    %%%%%:   33-block  4
        1:   33-block  5
    %%%%%:   33-block  6
    %%%%%:   33-block  7
    %%%%%:   33-block  8
    %%%%%:   33-block  9
    %%%%%:   33-block 10
        1:   33-block 11
        1:   33-block 12
    $$$$$:   33-block 13
    $$$$$:   33-block 14
    $$$$$:   33-block 15
    $$$$$:   33-block 16
    $$$$$:   33-block 17
       1*:   34:    ASSERT_EQ(database->size(), initSize-1);
        1:   34-block  0
        1:   34-block  1
    %%%%%:   34-block  2
    %%%%%:   34-block  3
    %%%%%:   34-block  4
    %%%%%:   34-block  5
    $$$$$:   34-block  6
    $$$$$:   34-block  7
    $$$$$:   34-block  8
    $$$$$:   34-block  9
    $$$$$:   34-block 10
    $$$$$:   34-block 11
    $$$$$:   34-block 12
        -:   35:}
------------------
_ZN38DeleteEmployeeTest_DeleteEmployee_TestC1Ev:
        1:   29:TEST_F(DeleteEmployeeTest, DeleteEmployee)
        1:   29-block  0
------------------
        -:   36:
        4:   37:TEST_F(DeleteEmployeeTest, DeleteEmployeeTwiceThrows)
        -:   38:{
        1:   39:    DeleteEmployeeTransaction dt(id);
       1*:   40:    ASSERT_NO_THROW(dt.execute());
       1*:   41:    ASSERT_THROW(dt.execute(), PayrollDatabase::not_found);
       1*:   42:    ASSERT_EQ(database->size(), initSize-1);
        -:   43:}
