        -:    0:Source:C:/Users/mickl/ClionProjects/payroll-system/tests/Transactions/DeleteEmployeeTest.cpp
        -:    0:Graph:C:\Users\mickl\ClionProjects\payroll-system\cmake-build-debug\tests\CMakeFiles\google_test.dir\Transactions\DeleteEmployeeTest.cpp.gcno
        -:    0:Data:C:\Users\mickl\ClionProjects\payroll-system\cmake-build-debug\tests\CMakeFiles\google_test.dir\Transactions\DeleteEmployeeTest.cpp.gcda
        -:    0:Runs:1
        -:    1:#include "src/Transactions/DeleteEmployeeTransaction.hpp"
        -:    2:#include "utility/TestUsingDatabase.hpp"
        -:    3:
        -:    4:class DeleteEmployeeTest : public TestUsingDatabase
        -:    5:{
        -:    6:protected:
        -:    7:
        2:    8:    void SetUp() override
        -:    9:    {
       2*:   10:        ASSERT_NO_THROW(database->addEmployee(
        2:   10-block  0
        2:   10-block  1
        2:   10-block  2
        2:   10-block  3
        2:   10-block  4
        2:   10-block  5
    %%%%%:   10-block  6
    %%%%%:   10-block  7
    %%%%%:   10-block  8
    %%%%%:   10-block  9
    %%%%%:   10-block 10
    $$$$$:   10-block 11
    $$$$$:   10-block 12
    $$$$$:   10-block 13
    $$$$$:   10-block 14
    $$$$$:   10-block 15
    $$$$$:   10-block 16
    $$$$$:   10-block 17
    $$$$$:   10-block 18
    $$$$$:   10-block 19
    $$$$$:   10-block 20
    $$$$$:   10-block 21
    $$$$$:   10-block 22
    $$$$$:   10-block 23
    $$$$$:   10-block 24
    $$$$$:   10-block 25
    $$$$$:   10-block 26
    $$$$$:   10-block 27
    $$$$$:   10-block 28
        -:   11:                id, std::make_shared<Employee>(id, name, address)
        -:   12:        ));
        2:   13:        initSize = database->size();
        2:   13-block  0
       2*:   14:        EXPECT_EQ(initSize, 1);
        2:   14-block  0
    %%%%%:   14-block  1
    %%%%%:   14-block  2
    %%%%%:   14-block  3
    %%%%%:   14-block  4
        2:   14-block  5
    $$$$$:   14-block  6
    $$$$$:   14-block  7
    $$$$$:   14-block  8
    $$$$$:   14-block  9
    $$$$$:   14-block 10
    $$$$$:   14-block 11
        -:   15:    }
        -:   16:
        -:   17:    int id = 9;
        -:   18:    std::string name = "Fin", address = "Finland";
        -:   19:};
        -:   20:
        4:   21:TEST_F(DeleteEmployeeTest, DeleteEmployee)
        -:   22:{
        1:   23:    DeleteEmployeeTransaction dt(id);
       1*:   24:    ASSERT_NO_THROW(dt.execute());
       1*:   25:    ASSERT_THROW(database->getEmployee(id), PayrollDatabase::not_found);
       1*:   26:    ASSERT_EQ(database->size(), initSize-1);
        -:   27:}
------------------
_ZN38DeleteEmployeeTest_DeleteEmployee_TestD0Ev:
        1:   21:TEST_F(DeleteEmployeeTest, DeleteEmployee)
        1:   21-block  0
------------------
_ZN38DeleteEmployeeTest_DeleteEmployee_TestD1Ev:
        1:   21:TEST_F(DeleteEmployeeTest, DeleteEmployee)
        1:   21-block  0
------------------
_ZN38DeleteEmployeeTest_DeleteEmployee_Test8TestBodyEv:
        1:   21:TEST_F(DeleteEmployeeTest, DeleteEmployee)
        -:   22:{
        1:   23:    DeleteEmployeeTransaction dt(id);
        1:   23-block  0
    $$$$$:   23-block  1
       1*:   24:    ASSERT_NO_THROW(dt.execute());
        1:   24-block  0
        1:   24-block  1
        1:   24-block  2
    %%%%%:   24-block  3
    %%%%%:   24-block  4
    %%%%%:   24-block  5
    %%%%%:   24-block  6
    %%%%%:   24-block  7
    $$$$$:   24-block  8
    $$$$$:   24-block  9
    $$$$$:   24-block 10
    $$$$$:   24-block 11
    $$$$$:   24-block 12
    $$$$$:   24-block 13
    $$$$$:   24-block 14
    $$$$$:   24-block 15
    $$$$$:   24-block 16
    $$$$$:   24-block 17
    $$$$$:   24-block 18
    $$$$$:   24-block 19
    $$$$$:   24-block 20
    $$$$$:   24-block 21
    $$$$$:   24-block 22
    $$$$$:   24-block 23
       1*:   25:    ASSERT_THROW(database->getEmployee(id), PayrollDatabase::not_found);
        1:   25-block  0
        1:   25-block  1
        1:   25-block  2
        1:   25-block  3
    %%%%%:   25-block  4
        1:   25-block  5
    %%%%%:   25-block  6
    %%%%%:   25-block  7
    %%%%%:   25-block  8
    %%%%%:   25-block  9
    %%%%%:   25-block 10
        1:   25-block 11
        1:   25-block 12
    $$$$$:   25-block 13
    $$$$$:   25-block 14
    $$$$$:   25-block 15
    $$$$$:   25-block 16
    $$$$$:   25-block 17
       1*:   26:    ASSERT_EQ(database->size(), initSize-1);
        1:   26-block  0
        1:   26-block  1
    %%%%%:   26-block  2
    %%%%%:   26-block  3
    %%%%%:   26-block  4
    %%%%%:   26-block  5
    $$$$$:   26-block  6
    $$$$$:   26-block  7
    $$$$$:   26-block  8
    $$$$$:   26-block  9
    $$$$$:   26-block 10
    $$$$$:   26-block 11
    $$$$$:   26-block 12
        -:   27:}
------------------
_ZN38DeleteEmployeeTest_DeleteEmployee_TestC1Ev:
        1:   21:TEST_F(DeleteEmployeeTest, DeleteEmployee)
        1:   21-block  0
------------------
        -:   28:
        4:   29:TEST_F(DeleteEmployeeTest, DeleteEmployeeTwiceThrows)
        -:   30:{
        1:   31:    DeleteEmployeeTransaction dt(id);
       1*:   32:    ASSERT_NO_THROW(dt.execute());
       1*:   33:    ASSERT_THROW(dt.execute(), PayrollDatabase::not_found);
       1*:   34:    ASSERT_EQ(database->size(), initSize-1);
        -:   35:}
