        -:    0:Source:C:/Users/mickl/ClionProjects/payroll-system/tests/Transactions/SalesReceipt.cpp
        -:    0:Graph:C:\Users\mickl\ClionProjects\payroll-system\cmake-build-debug\tests\CMakeFiles\google_test.dir\Transactions\SalesReceipt.cpp.gcno
        -:    0:Data:C:\Users\mickl\ClionProjects\payroll-system\cmake-build-debug\tests\CMakeFiles\google_test.dir\Transactions\SalesReceipt.cpp.gcda
        -:    0:Runs:1
        -:    1:#include "src/utility/Date.hpp"
        -:    2:#include "src/Transactions/AddEmployeeTransaction.hpp"
        -:    3:#include "src/Transactions/SalesReceiptTransaction.hpp"
        -:    4:#include "utility/EmployeeCorrectnessTester.hpp"
        -:    5:#include "utility/TestUsingDatabase.hpp"
        -:    6:
        -:    7:
        -:    8:class SalesReceiptTest : public TestUsingDatabase
        -:    9:{
        -:   10:protected:
        -:   11:
        1:   12:    void SetUp() override
        -:   13:    {
        2:   14:        AddCommissionedEmployee at(id, name, address, cSalary, cRate);
        1:   14-block  0
        1:   14-block  1
        1:   14-block  2
    $$$$$:   14-block  3
    $$$$$:   14-block  4
    $$$$$:   14-block  5
       1*:   15:        ASSERT_NO_THROW(at.execute());
        1:   15-block  0
        1:   15-block  1
        1:   15-block  2
    %%%%%:   15-block  3
    %%%%%:   15-block  4
    %%%%%:   15-block  5
    %%%%%:   15-block  6
    %%%%%:   15-block  7
    $$$$$:   15-block  8
    $$$$$:   15-block  9
    $$$$$:   15-block 10
    $$$$$:   15-block 11
    $$$$$:   15-block 12
    $$$$$:   15-block 13
    $$$$$:   15-block 14
    $$$$$:   15-block 15
    $$$$$:   15-block 16
    $$$$$:   15-block 17
    $$$$$:   15-block 18
    $$$$$:   15-block 19
    $$$$$:   15-block 20
    $$$$$:   15-block 21
    $$$$$:   15-block 22
    $$$$$:   15-block 23
        1:   16:        initSize = database->size();
        1:   16-block  0
       1*:   17:        EXPECT_EQ(initSize, 1);
        1:   17-block  0
    %%%%%:   17-block  1
    %%%%%:   17-block  2
    %%%%%:   17-block  3
    %%%%%:   17-block  4
        1:   17-block  5
    $$$$$:   17-block  6
    $$$$$:   17-block  7
    $$$$$:   17-block  8
    $$$$$:   17-block  9
    $$$$$:   17-block 10
    $$$$$:   17-block 11
        -:   18:    }
        -:   19:
        -:   20:    int id = 11;
        -:   21:    std::string name = "Nick", address = "Nicaragua";
        -:   22:    Date date = Date(2020, 7, 7);
        -:   23:    double amount = 17.0, cSalary = 600.0, cRate = 33.0;
        -:   24:};
        -:   25:
        4:   26:TEST_F(SalesReceiptTest, SalesReceiptUpdates)
        -:   27:{
        1:   28:    assertDatabaseContains(id);
        -:   29:
        1:   30:    SalesReceiptTransaction srt(date, amount, id);
       1*:   31:    ASSERT_NO_THROW(srt.execute());
        -:   32:
        1:   33:    CommissionedEmployeeCorrectnessTester(*database->getEmployee(id),
        2:   34:            cSalary, cRate, SalesReceipt(date, amount)).invoke(id, name, address);
        -:   35:}
