        -:    0:Source:C:/Users/mickl/ClionProjects/payroll-system/src/Transactions/TimeCardTransaction.hpp
        -:    0:Graph:C:\Users\mickl\ClionProjects\payroll-system\cmake-build-debug\tests\CMakeFiles\google_test.dir\Transactions\TimeCardTest.cpp.gcno
        -:    0:Data:C:\Users\mickl\ClionProjects\payroll-system\cmake-build-debug\tests\CMakeFiles\google_test.dir\Transactions\TimeCardTest.cpp.gcda
        -:    0:Runs:1
        -:    1:#ifndef PAYROLL_SYSTEM_TIMECARDTRANSACTION_HPP
        -:    2:#define PAYROLL_SYSTEM_TIMECARDTRANSACTION_HPP
        -:    3:
        -:    4:#include "src/Database/PayrollDatabase.hpp"
        -:    5:#include "Transaction.hpp"
        -:    6:
        -:    7:class TimeCardTransaction : public Transaction
        -:    8:{
        -:    9:public:
        1:   10:    TimeCardTransaction(const Date& date, double hours, int id) : date(date), hours(hours), id(id) {}
        1:   10-block  0
        -:   11:
        1:   12:    virtual void execute() override
        -:   13:    {
        2:   14:        auto employee = PayrollDatabase::getInstance()->getEmployee(id);
        1:   14-block  0
        1:   14-block  1
    $$$$$:   14-block  2
    $$$$$:   14-block  3
        2:   15:        auto pc = employee->getPaymentClassification();
    $$$$$:   15-block  0
        2:   16:        auto hc = std::dynamic_pointer_cast<HourlyClassification>(pc);
        1:   16-block  0
    $$$$$:   16-block  1
        1:   17:        if (hc)
        1:   18:            hc->addTimeCard(TimeCard(date, hours));
        1:   18-block  0
        1:   18-block  1
    $$$$$:   18-block  2
        -:   19:        else
    #####:   20:            throw std::runtime_error("TimeCardTransaction not on HourlyEmployee");
    %%%%%:   20-block  0
    %%%%%:   20-block  1
    $$$$$:   20-block  2
        1:   21:    }
        -:   22:
        -:   23:    Date date;
        -:   24:    double hours;
        -:   25:    int id;
        -:   26:};
        -:   27:
        -:   28:
        -:   29:#endif //PAYROLL_SYSTEM_TIMECARDTRANSACTION_HPP
